93326215443944152681699238856266700490715968264381621468592963895217599993229915608941463976156518286253697920827223758251185210916864000000000000000000000000
93326215443944152681699238856266700490715968264381621468592963895217599993229915608941463976156518286253697920827223758251185210916864000000000000000000000000
1 1
2 1
3 2
4 3
5 4
6 5
7 6
8 7
9 8
10 9
11 10
12 11
13 12
14 13
15 14
16 15
17 16
18 17
19 18
20 1
21 8
22 19
23 14
24 20
25 21
26 22
27 23
28 24
29 25
30 18
31 26
32 27
33 20
34 28
35 29
36 30
37 31
38 32
39 17
40 16
41 33
42 34
43 15
44 35
45 36
46 26
47 32
48 37
49 38
50 39
51 40
52 4
53 41
54 42
55 43
56 20
57 3
58 12
59 15
60 44
61 18
62 45
63 46
64 5
65 26
66 47
67 40
68 6
69 32
70 48
71 49
72 50
73 6
74 51
75 52
76 53
77 13
78 54
79 55
80 56
81 33
82 52
83 57
84 58
85 39
86 59
87 41
88 26
89 50
90 60
91 61
92 5
93 37
94 29
95 59
96 43
97 27
98 28
99 41
100 22
101 21
102 62
103 55
104 19
105 12
106 63
107 64
108 8
109 40
110 37
111 50
112 55
113 38
114 23
115 30
116 45
117 19
118 40
119 50
120 53
121 65
122 6
123 66
124 67
125 68
126 33
127 69
128 64
129 7
130 6
131 70
132 51
133 49
134 60
135 71
136 50
137 32
138 30
139 33
140 72
141 13
142 20
143 37
144 50
145 10
146 73
147 74
148 2
149 38
150 75
151 36
152 3
153 69
154 76
155 77
156 67
157 26
158 78
159 34
160 58
161 43
162 79
163 44
164 36
165 57
166 66
167 43
168 75
169 55
170 80
171 48
172 67
173 71
174 5
175 81
176 5
177 20
178 76
179 48
180 33
181 76
182 56
183 82
184 39
185 1
186 11
187 70
188 51
189 82
190 83
191 84
192 85
193 73
194 86
195 11
196 68
197 28
198 7
199 47
200 41
201 67
202 86
203 58
204 63
205 51
206 52
207 14
208 10
209 64
210 87
211 22
212 30
213 34
214 33
215 41
216 88
217 3
218 55
219 16
220 79
221 56
222 34
223 78
224 25
225 18
226 7
227 89
228 53
229 29
230 47
231 24
232 10
233 19
234 16
235 37
236 67
237 23
238 84
239 40
240 1
241 51
242 25
243 51
244 78
245 9
246 49
247 82
248 48
249 1
250 90
251 47
252 56
253 28
254 58
255 37
256 61
257 25
258 61
259 6
260 58
261 7
262 11
263 29
264 91
265 87
266 23
267 12
268 70
269 30
270 22
271 92
272 19
273 86
274 66
275 8
276 12
277 68
278 52
279 75
280 5
281 7
282 61
283 14
284 86
285 67
286 41
287 93
288 55
289 11
290 87
291 77
292 94
293 69
294 89
295 93
296 2
297 74
298 77
299 65
300 56
301 48
302 18
303 5
304 95
305 55
306 53
307 95
308 62
309 96
310 49
311 40
312 92
313 17
314 56
315 46
316 66
317 63
318 75
319 39
320 39
321 13
322 80
323 81
324 3
325 76
326 93
327 17
328 14
329 62
330 16
331 75
332 9
333 63
334 24
335 79
336 30
337 14
338 15
339 34
340 28
341 28
342 41
343 20
344 87
345 62
346 87
347 68
348 4
349 66
350 25
351 47
352 67
353 38
354 59
355 2
356 91
357 68
358 57
359 72
360 15
361 30
362 84
363 4
364 56
365 79
366 85
367 77
368 89
369 38
370 56
371 80
372 2
373 5
374 68
375 25
376 82
377 20
378 37
379 94
380 50
381 1
382 50
383 79
384 39
385 69
386 97
387 40
388 85
389 71
390 16
391 79
392 14
393 38
394 5
395 13
396 91
397 12
398 75
399 37
400 61
401 71
402 48
403 83
404 85
405 52
406 58
407 23
408 4
409 39
410 51
411 48
412 84
413 61
414 17
415 20
416 41
417 43
418 95
419 17
420 78
421 89
422 72
423 5
424 79
425 43
426 78
427 98
428 1
429 63
430 79
431 39
432 57
433 90
434 56
435 60
436 43
437 26
438 44
439 72
440 53
441 86
442 3
443 47
444 70
445 45
446 95
447 74
448 47
449 99
450 59
451 30
452 6
453 79
454 90
455 98
456 68
457 93
458 71
459 94
460 52
461 43
462 58
463 76
464 35
465 32
466 8
467 20
468 60
469 70
470 29
471 91
472 77
473 64
474 75
475 54
476 85
477 25
478 41
479 53
480 20
481 19
482 82
483 19
484 23
485 26
486 44
487 71
488 13
489 3
490 50
491 28
492 80
493 56
494 24
495 30
496 22
497 42
498 24
499 8
500 74
501 23
502 78
503 37
504 84
505 27
506 39
507 27
508 36
509 46
510 78
511 50
512 28
513 98
514 61
515 29
516 38
517 76
518 19
519 53
520 89
521 21
522 37
523 38
524 81
525 82
526 48
527 98
528 3
529 10
530 32
531 24
532 82
533 44
534 70
535 93
536 71
537 18
538 66
539 53
540 87
541 28
542 50
543 31
544 80
545 9
546 86
547 98
548 32
549 68
550 74
551 76
552 36
553 88
554 49
555 63
556 2
557 28
558 22
559 25
560 71
561 71
562 75
563 16
564 61
565 81
566 69
567 50
568 76
569 28
570 81
571 35
572 23
573 37
574 70
575 82
576 28
577 49
578 73
579 57
580 10
581 27
582 83
583 43
584 8
585 3
586 97
587 54
588 24
589 78
590 11
591 69
592 91
593 89
594 32
595 78
596 84
597 61
598 71
599 76
600 80
