1
1 2 3 4 5 
0 0 0 0 6 
0 0 0 0 7 
0 0 0 0 8 
0 0 0 0 9 
2
1 2 3 4 5 
0 0 0 0 6 
0 0 0 0 7 
0 0 0 9 8 
0 0 0 10 11 
3
1 2 3 4 5 
0 0 0 0 6 
0 0 0 0 7 
0 0 10 9 8 
0 0 11 12 13 
4
1 2 3 4 5 
0 0 0 0 6 
0 0 0 8 7 
0 0 0 9 10 
0 0 0 0 11 
5
1 2 3 4 5 
0 0 0 0 6 
0 0 0 8 7 
0 0 0 9 0 
0 0 0 10 11 
6
1 2 3 4 5 
0 0 0 0 6 
0 0 0 8 7 
0 0 10 9 0 
0 0 11 12 13 
7
1 0 0 0 0 
2 0 0 0 0 
3 0 0 10 11 
4 0 8 9 12 
5 6 7 0 13 
8
1 0 0 0 0 
2 0 0 0 0 
3 0 0 0 0 
4 0 8 9 10 
5 6 7 0 11 
9
1 0 0 0 0 
2 0 0 0 0 
3 0 0 0 0 
4 0 8 9 0 
5 6 7 10 11 
10
1 0 0 0 0 
2 0 0 0 0 
3 0 0 10 11 
4 0 0 9 12 
5 6 7 8 13 
11
1 0 0 0 0 
2 0 0 0 0 
3 0 0 0 0 
4 0 0 9 10 
5 6 7 8 11 
12
1 0 0 0 0 
2 0 0 0 0 
3 0 0 0 0 
4 0 0 0 0 
5 6 7 8 9 
